<?xml version="1.0" encoding="UTF-8"?>
<!-- Generated by org.testng.reporters.JUnitReportReporter -->
<testsuite hostname="DESKTOP-FNFFNO2" failures="0" tests="2" name="solar_Battery_Charger.SolarBatteryChargerTest" time="200.338" errors="0" timestamp="2020-10-20T19:51:39 IST" skipped="0">
  <testcase classname="solar_Battery_Charger.SolarBatteryChargerTest" name="configTest" time="99.843"/>
  <system-out/>
  <testcase classname="solar_Battery_Charger.SolarBatteryChargerTest" name="configTest" time="100.495"/>
  <system-out/>
</testsuite> <!-- solar_Battery_Charger.SolarBatteryChargerTest -->
