<?xml version="1.0" encoding="UTF-8"?>
<!-- Generated by org.testng.reporters.JUnitReportReporter -->
<testsuite hostname="DESKTOP-FNFFNO2" failures="0" tests="2" name="tenxertech.autoTesting.SolarBatteryChargerDeviceTest" time="226.951" errors="0" timestamp="2020-11-13T19:08:29 IST" skipped="0">
  <testcase classname="tenxertech.autoTesting.SolarBatteryChargerDeviceTest" name="SolarBatteryChargerDeviceCheck" time="219.061"/>
  <system-out/>
  <testcase classname="tenxertech.autoTesting.SolarBatteryChargerDeviceTest" name="SolarBatteryChargerDeviceCheckLiveStreamTest" time="7.890"/>
  <system-out/>
</testsuite> <!-- tenxertech.autoTesting.SolarBatteryChargerDeviceTest -->
