<?xml version="1.0" encoding="UTF-8"?>
<!-- Generated by org.testng.reporters.JUnitReportReporter -->
<testsuite hostname="DESKTOP-FNFFNO2" failures="0" tests="2" name="tenxertech.autoTesting.tempTest" time="61.006" errors="0" timestamp="2020-11-06T14:38:27 IST" skipped="0">
  <testcase classname="tenxertech.autoTesting.tempTest" name="Test" time="53.279"/>
  <system-out/>
  <testcase classname="tenxertech.autoTesting.tempTest" name="Test2" time="7.727"/>
  <system-out/>
</testsuite> <!-- tenxertech.autoTesting.tempTest -->
