<?xml version="1.0" encoding="UTF-8"?>
<!-- Generated by org.testng.reporters.JUnitReportReporter -->
<testsuite hostname="DESKTOP-FNFFNO2" failures="0" tests="1" name="tenxertech.autoTesting.AS104_Test" time="54.762" errors="0" timestamp="2020-11-11T20:11:11 IST" skipped="0">
  <testcase classname="tenxertech.autoTesting.AS104_Test" name="AS104LiveStreamTest" time="54.762"/>
  <system-out/>
</testsuite> <!-- tenxertech.autoTesting.AS104_Test -->
