<?xml version="1.0" encoding="UTF-8"?>
<!-- Generated by org.testng.reporters.JUnitReportReporter -->
<testsuite hostname="DESKTOP-FNFFNO2" failures="0" tests="2" name="tenxertech.autoTesting.CN274_Test" time="308.980" errors="0" timestamp="2020-11-16T11:04:30 IST" skipped="0">
  <testcase classname="tenxertech.autoTesting.CN274_Test" name="CN274_Auto_Test" time="300.208"/>
  <system-out/>
  <testcase classname="tenxertech.autoTesting.CN274_Test" name="CN274_LiveStream" time="8.772"/>
  <system-out/>
</testsuite> <!-- tenxertech.autoTesting.CN274_Test -->
