<?xml version="1.0" encoding="UTF-8"?>
<!-- Generated by org.testng.reporters.JUnitReportReporter -->
<testsuite hostname="DESKTOP-FNFFNO2" failures="0" tests="2" name="tenxertech.autoTesting.SolarBatteryChargerDeviceTest" time="249.376" errors="0" timestamp="2020-11-11T18:58:15 IST" skipped="0">
  <testcase classname="tenxertech.autoTesting.SolarBatteryChargerDeviceTest" name="SolarBatteryChargerDeviceCheckLiveStreamTest" time="9.138"/>
  <system-out/>
  <testcase classname="tenxertech.autoTesting.SolarBatteryChargerDeviceTest" name="SolarBatteryChargerDeviceCheck" time="240.238"/>
  <system-out/>
</testsuite> <!-- tenxertech.autoTesting.SolarBatteryChargerDeviceTest -->
