<?xml version="1.0" encoding="UTF-8"?>
<!-- Generated by org.testng.reporters.JUnitReportReporter -->
<testsuite hostname="DESKTOP-FNFFNO2" failures="0" tests="2" name="tenxertech.autoTesting.tempTest" time="0.008" errors="0" timestamp="2020-11-10T17:27:11 IST" skipped="0">
  <testcase classname="tenxertech.autoTesting.tempTest" name="Test" time="0.006"/>
  <system-out/>
  <testcase classname="tenxertech.autoTesting.tempTest" name="Test2" time="0.002"/>
  <system-out/>
</testsuite> <!-- tenxertech.autoTesting.tempTest -->
