<?xml version="1.0" encoding="UTF-8"?>
<!-- Generated by org.testng.reporters.JUnitReportReporter -->
<testsuite hostname="DESKTOP-FNFFNO2" failures="0" tests="2" name="tenxertech.autoTesting.CN274_Test" time="371.128" errors="0" timestamp="2020-11-13T16:59:40 IST" skipped="0">
  <testcase classname="tenxertech.autoTesting.CN274_Test" name="CN274_Auto_Test" time="362.929"/>
  <system-out/>
  <testcase classname="tenxertech.autoTesting.CN274_Test" name="CN274_LiveStream" time="8.199"/>
  <system-out/>
</testsuite> <!-- tenxertech.autoTesting.CN274_Test -->
