<?xml version="1.0" encoding="UTF-8"?>
<!-- Generated by org.testng.reporters.JUnitReportReporter -->
<testsuite hostname="DESKTOP-FNFFNO2" failures="0" tests="1" name="tenxertech.autoTesting.SolarBatteryChargerTest" time="115.328" errors="0" timestamp="2020-11-04T12:37:55 IST" skipped="0">
  <testcase classname="tenxertech.autoTesting.SolarBatteryChargerTest" name="configTest" time="115.328"/>
  <system-out/>
</testsuite> <!-- tenxertech.autoTesting.SolarBatteryChargerTest -->
