<?xml version="1.0" encoding="UTF-8"?>
<!-- Generated by org.testng.reporters.JUnitReportReporter -->
<testsuite hostname="DESKTOP-FNFFNO2" failures="0" tests="1" name="tenxertech.autoTesting.tempTest" time="10.032" errors="0" timestamp="2020-11-13T14:49:11 IST" skipped="0">
  <testcase classname="tenxertech.autoTesting.tempTest" name="Test" time="10.032"/>
  <system-out/>
</testsuite> <!-- tenxertech.autoTesting.tempTest -->
