<?xml version="1.0" encoding="UTF-8"?>
<!-- Generated by org.testng.reporters.JUnitReportReporter -->
<testsuite hostname="DESKTOP-FNFFNO2" failures="0" tests="1" name="tenxertech.autoTesting.SolarBatteryChargerDeviceTest" time="259.886" errors="0" timestamp="2020-11-04T13:10:39 IST" skipped="0">
  <testcase classname="tenxertech.autoTesting.SolarBatteryChargerDeviceTest" name="SolarBatteryChargerDeviceCheck" time="259.886"/>
  <system-out/>
</testsuite> <!-- tenxertech.autoTesting.SolarBatteryChargerDeviceTest -->
