<?xml version="1.0" encoding="UTF-8"?>
<!-- Generated by org.testng.reporters.JUnitReportReporter -->
<testsuite hostname="DESKTOP-FNFFNO2" failures="0" tests="1" name="tenxertech.autoTesting.tempTest" time="0.606" errors="0" timestamp="2020-11-12T17:12:43 IST" skipped="0">
  <testcase classname="tenxertech.autoTesting.tempTest" name="Test" time="0.606"/>
  <system-out/>
</testsuite> <!-- tenxertech.autoTesting.tempTest -->
