<?xml version="1.0" encoding="UTF-8"?>
<!-- Generated by org.testng.reporters.JUnitReportReporter -->
<testsuite hostname="DESKTOP-FNFFNO2" failures="0" tests="2" name="tenxertech.autoTesting.LoginTest" time="34.704" errors="0" timestamp="2020-10-30T12:03:08 IST" skipped="0">
  <testcase classname="tenxertech.autoTesting.LoginTest" name="Login_Test" time="17.159"/>
  <system-out/>
  <testcase classname="tenxertech.autoTesting.LoginTest" name="Login_Test" time="17.545"/>
  <system-out/>
</testsuite> <!-- tenxertech.autoTesting.LoginTest -->
