<?xml version="1.0" encoding="UTF-8"?>
<!-- Generated by org.testng.reporters.JUnitReportReporter -->
<testsuite hostname="DESKTOP-FNFFNO2" failures="0" tests="2" name="tenxertech.autoTesting.SolarBatteryChargerTest" time="94.148" errors="0" timestamp="2020-11-06T16:38:53 IST" skipped="0">
  <testcase classname="tenxertech.autoTesting.SolarBatteryChargerTest" name="SolarBatteryChargerLiveStreamTest" time="8.059"/>
  <system-out/>
  <testcase classname="tenxertech.autoTesting.SolarBatteryChargerTest" name="SolarBatteryChargerConfigTest" time="86.089"/>
  <system-out/>
</testsuite> <!-- tenxertech.autoTesting.SolarBatteryChargerTest -->
